 
****************************************
Report : timing
        -path full
        -delay max
        -max_paths 1
Design : top
Version: R-2020.09
Date   : Sun Sep 10 20:09:14 2023
****************************************

Operating Conditions: slow   Library: slow
Wire Load Model Mode: top

  Startpoint: forward_di[2]
              (input port clocked by clk)
  Endpoint: forward/f_addr_reg[0]
            (rising edge-triggered flip-flop clocked by clk)
  Path Group: clk
  Path Type: max

  Des/Clust/Port     Wire Load Model       Library
  ------------------------------------------------
  top                tsmc13_wl10           slow

  Point                                    Incr       Path
  -----------------------------------------------------------
  clock clk (rise edge)                    0.00       0.00
  clock network delay (ideal)              0.50       0.50
  input external delay                     1.75       2.25 f
  forward_di[2] (in)                       0.10       2.35 f
  U1331/Y (NOR2X6)                         0.11       2.46 r
  U904/Y (NAND4X4)                         0.14       2.59 f
  U901/Y (NAND2X6)                         0.10       2.70 r
  U824/Y (INVX12)                          0.08       2.78 f
  U685/Y (OR2X4)                           0.20       2.98 f
  U1398/Y (OAI31X4)                        0.31       3.29 r
  U1506/Y (INVX6)                          0.08       3.37 f
  U1507/Y (AOI21X2)                        0.16       3.53 r
  U1509/Y (OAI211X1)                       0.18       3.72 f
  forward/f_addr_reg[0]/D (DFFSX1)         0.00       3.72 f
  data arrival time                                   3.72

  clock clk (rise edge)                    3.50       3.50
  clock network delay (ideal)              0.50       4.00
  clock uncertainty                       -0.10       3.90
  forward/f_addr_reg[0]/CK (DFFSX1)        0.00       3.90 r
  library setup time                      -0.18       3.72
  data required time                                  3.72
  -----------------------------------------------------------
  data required time                                  3.72
  data arrival time                                  -3.72
  -----------------------------------------------------------
  slack (MET)                                         0.00


1
